Using pre-set license
Built from '2021.1/staging' branch; Version is '2021.1.18f1 (25bdc3efbc2d) revision 2473411'; Using compiler version '192528614'; Build Type 'Release'
OS: 'Windows 10 Pro; OS build 19041.1288; Version 2004; 64bit' Language: 'en' Physical Memory: 16310 MB
BatchMode: 1, IsHumanControllingUs: 0, StartBugReporterOnCrash: 0, Is64bit: 1, IsPro: 0

COMMAND LINE ARGUMENTS:
C:\Program Files\Unity\Hub\Editor\2021.1.18f1\Editor\Unity.exe
-adb2
-batchMode
-noUpm
-name
AssetImportWorker0
-projectPath
D:/Github Daan Oosterloo/Cocktail-Game/ARScene
-logFile
Logs/AssetImportWorker0.log
-srvPort
56432
Successfully changed project path to: D:/Github Daan Oosterloo/Cocktail-Game/ARScene
D:/Github Daan Oosterloo/Cocktail-Game/ARScene
Using Asset Import Pipeline V2.
Refreshing native plugins compatible for Editor in 103.63 ms, found 3 plugins.
Preloading 0 native plugins for Editor in 0.00 ms.
Initialize engine version: 2021.1.18f1 (25bdc3efbc2d)
[Subsystems] Discovering subsystems at path C:/Program Files/Unity/Hub/Editor/2021.1.18f1/Editor/Data/Resources/UnitySubsystems
[Subsystems] Discovering subsystems at path D:/Github Daan Oosterloo/Cocktail-Game/ARScene/Assets
GfxDevice: creating device client; threaded=0; jobified=0
Direct3D:
    Version:  Direct3D 11.0 [level 11.1]
    Renderer: Radeon RX 5500 XT (ID=0x7340)
    Vendor:   ATI
    VRAM:     8151 MB
    Driver:   30.0.13031.1001
Initialize mono
Mono path[0] = 'C:/Program Files/Unity/Hub/Editor/2021.1.18f1/Editor/Data/Managed'
Mono path[1] = 'C:/Program Files/Unity/Hub/Editor/2021.1.18f1/Editor/Data/MonoBleedingEdge/lib/mono/unityjit'
Mono config path = 'C:/Program Files/Unity/Hub/Editor/2021.1.18f1/Editor/Data/MonoBleedingEdge/etc'
Using monoOptions --debugger-agent=transport=dt_socket,embedding=1,server=y,suspend=n,address=127.0.0.1:56668
Begin MonoManager ReloadAssembly
Registering precompiled unity dll's ...
Register platform support module: C:/Program Files/Unity/Hub/Editor/2021.1.18f1/Editor/Data/PlaybackEngines/WindowsStandaloneSupport/UnityEditor.WindowsStandalone.Extensions.dll
Registered in 0.002620 seconds.
Native extension for WindowsStandalone target not found
Refreshing native plugins compatible for Editor in 84.84 ms, found 3 plugins.
Preloading 0 native plugins for Editor in 0.00 ms.
Mono: successfully reloaded assembly
- Completed reload, in  2.565 seconds
Domain Reload Profiling:
	ReloadAssembly (2565ms)
		BeginReloadAssembly (79ms)
			ExecutionOrderSort (0ms)
			DisableScriptedObjects (0ms)
			BackupInstance (0ms)
			ReleaseScriptingObjects (0ms)
			CreateAndSetChildDomain (1ms)
		EndReloadAssembly (504ms)
			LoadAssemblies (75ms)
			RebuildTransferFunctionScriptingTraits (0ms)
			SetupTypeCache (173ms)
			ReleaseScriptCaches (0ms)
			RebuildScriptCaches (31ms)
			SetupLoadedEditorAssemblies (232ms)
				LogAssemblyErrors (0ms)
				InitializePlatformSupportModulesInManaged (6ms)
				SetLoadedEditorAssemblies (0ms)
				RefreshPlugins (85ms)
				BeforeProcessingInitializeOnLoad (1ms)
				ProcessInitializeOnLoadAttributes (103ms)
				ProcessInitializeOnLoadMethodAttributes (35ms)
				AfterProcessingInitializeOnLoad (0ms)
				EditorAssembliesLoaded (0ms)
			ExecutionOrderSort2 (0ms)
			AwakeInstancesAfterBackupRestoration (0ms)
Platform modules already initialized, skipping
Registering precompiled user dll's ...
Registered in 0.006828 seconds.
Begin MonoManager ReloadAssembly
Symbol file LoadedFromMemory doesn't match image D:\Github Daan Oosterloo\Cocktail-Game\ARScene\Library\PackageCache\com.unity.visualscripting@1.6.1\Editor\VisualScripting.Core\Dependencies\YamlDotNet\Unity.VisualScripting.YamlDotNet.dll
Symbol file LoadedFromMemory doesn't match image D:\Github Daan Oosterloo\Cocktail-Game\ARScene\Library\PackageCache\com.unity.visualscripting@1.6.1\Editor\VisualScripting.Core\Dependencies\DotNetZip\Unity.VisualScripting.IonicZip.dll
Native extension for WindowsStandalone target not found
Refreshing native plugins compatible for Editor in 0.73 ms, found 3 plugins.
Preloading 0 native plugins for Editor in 0.00 ms.
Mono: successfully reloaded assembly
- Completed reload, in  1.348 seconds
Domain Reload Profiling:
	ReloadAssembly (1348ms)
		BeginReloadAssembly (175ms)
			ExecutionOrderSort (0ms)
			DisableScriptedObjects (5ms)
			BackupInstance (0ms)
			ReleaseScriptingObjects (0ms)
			CreateAndSetChildDomain (22ms)
		EndReloadAssembly (1105ms)
			LoadAssemblies (118ms)
			RebuildTransferFunctionScriptingTraits (0ms)
			SetupTypeCache (376ms)
			ReleaseScriptCaches (1ms)
			RebuildScriptCaches (53ms)
			SetupLoadedEditorAssemblies (459ms)
				LogAssemblyErrors (0ms)
				InitializePlatformSupportModulesInManaged (5ms)
				SetLoadedEditorAssemblies (1ms)
				RefreshPlugins (1ms)
				BeforeProcessingInitializeOnLoad (83ms)
				ProcessInitializeOnLoadAttributes (354ms)
				ProcessInitializeOnLoadMethodAttributes (6ms)
				AfterProcessingInitializeOnLoad (9ms)
				EditorAssembliesLoaded (0ms)
			ExecutionOrderSort2 (0ms)
			AwakeInstancesAfterBackupRestoration (8ms)
Platform modules already initialized, skipping
========================================================================
Worker process is ready to serve import requests
Launched and connected shader compiler UnityShaderCompiler.exe after 0.07 seconds
Refreshing native plugins compatible for Editor in 0.75 ms, found 3 plugins.
Preloading 0 native plugins for Editor in 0.00 ms.
Unloading 3298 Unused Serialized files (Serialized files now loaded: 0)
System memory in use before: 118.8 MB.
System memory in use after: 119.0 MB.

Unloading 23 unused Assets to reduce memory usage. Loaded Objects now: 3743.
Total: 3.752000 ms (FindLiveObjects: 0.316900 ms CreateObjectMapping: 0.079400 ms MarkObjects: 3.278300 ms  DeleteObjects: 0.076000 ms)

AssetImportParameters requested are different than current active one (requested -> active):
  custom:framework-win-MediaFoundation: 216162199b28c13a410421893ffa2e32 -> 
  custom:video-decoder-ogg-theora: a1e56fd34408186e4bbccfd4996cb3dc -> 
  custom:container-muxer-webm: aa71ff27fc2769a1b78a27578f13a17b -> 
  custom:container-demuxer-webm: 4f35f7cbe854078d1ac9338744f61a02 -> 
  custom:container-demuxer-ogg: 62fdf1f143b41e24485cea50d1cbac27 -> 
  custom:video-encoder-webm-vp8: eb34c28f22e8b96e1ab97ce403110664 -> 
  custom:video-decoder-webm-vp8: 9c59270c3fd7afecdb556c50c9e8de78 -> 
  custom:audio-decoder-ogg-vorbis: bf7c407c2cedff20999df2af8eb42d56 -> 
  custom:audio-encoder-webm-vorbis: bf7c407c2cedff20999df2af8eb42d56 -> 
========================================================================
Received Import Request.
  path: Assets/AR Default Plane.prefab
  artifactKey: Guid(bf770b5a6046e6a42aad320a6dc2fef3) Importer(815301076,1909f56bfc062723c751e8b465ee728b)
Start importing Assets/AR Default Plane.prefab using Guid(bf770b5a6046e6a42aad320a6dc2fef3) Importer(815301076,1909f56bfc062723c751e8b465ee728b)  -> (artifact id: 'aed9b1431eaf2c00f19b22b6a9542c2a') in 0.130406 seconds 
========================================================================
Received Import Request.
  Time since last request: 507.348992 seconds.
  path: Assets/ARCoreSettings.asset
  artifactKey: Guid(413e3a90ad422dc438390480628a58b1) Importer(815301076,1909f56bfc062723c751e8b465ee728b)
Start importing Assets/ARCoreSettings.asset using Guid(413e3a90ad422dc438390480628a58b1) Importer(815301076,1909f56bfc062723c751e8b465ee728b)  -> (artifact id: '72aacd300ef1ae7f2b4ea85b55c2e1c5') in 0.011887 seconds 
========================================================================
Received Import Request.
  Time since last request: 0.000259 seconds.
  path: Assets/PlacementMarkerBase.png
  artifactKey: Guid(0d2900528f1cc9d47995ae56fd0eccbe) Importer(815301076,1909f56bfc062723c751e8b465ee728b)
Start importing Assets/PlacementMarkerBase.png using Guid(0d2900528f1cc9d47995ae56fd0eccbe) Importer(815301076,1909f56bfc062723c751e8b465ee728b)  -> (artifact id: '34dd66977bd1cd56063412031e20c173') in 0.083677 seconds 
========================================================================
Received Import Request.
  Time since last request: 0.000325 seconds.
  path: Assets/PlacementMarkerBase.mat
  artifactKey: Guid(dbf9e8c923a8ade45b4dd4c009c20e12) Importer(815301076,1909f56bfc062723c751e8b465ee728b)
Start importing Assets/PlacementMarkerBase.mat using Guid(dbf9e8c923a8ade45b4dd4c009c20e12) Importer(815301076,1909f56bfc062723c751e8b465ee728b)  -> (artifact id: 'b410b2a92fd727eb01e4371d7a915947') in 0.080464 seconds 
========================================================================
Received Import Request.
  Time since last request: 0.000263 seconds.
  path: Assets/PlacementIndicator.prefab
  artifactKey: Guid(10ac63177add5a64b9846667a7035669) Importer(815301076,1909f56bfc062723c751e8b465ee728b)
Start importing Assets/PlacementIndicator.prefab using Guid(10ac63177add5a64b9846667a7035669) Importer(815301076,1909f56bfc062723c751e8b465ee728b)  -> (artifact id: 'f3f0b4d54b31eebb34c3591d7a95f44d') in 0.020116 seconds 
========================================================================
Received Prepare
Registering precompiled user dll's ...
Registered in 0.007448 seconds.
Begin MonoManager ReloadAssembly
Symbol file LoadedFromMemory doesn't match image D:\Github Daan Oosterloo\Cocktail-Game\ARScene\Library\PackageCache\com.unity.visualscripting@1.6.1\Editor\VisualScripting.Core\Dependencies\YamlDotNet\Unity.VisualScripting.YamlDotNet.dll
Symbol file LoadedFromMemory doesn't match image D:\Github Daan Oosterloo\Cocktail-Game\ARScene\Library\PackageCache\com.unity.visualscripting@1.6.1\Editor\VisualScripting.Core\Dependencies\DotNetZip\Unity.VisualScripting.IonicZip.dll
Native extension for WindowsStandalone target not found
Refreshing native plugins compatible for Editor in 1.24 ms, found 3 plugins.
Preloading 0 native plugins for Editor in 0.00 ms.
Mono: successfully reloaded assembly
- Completed reload, in  1.668 seconds
Domain Reload Profiling:
	ReloadAssembly (1669ms)
		BeginReloadAssembly (203ms)
			ExecutionOrderSort (0ms)
			DisableScriptedObjects (6ms)
			BackupInstance (0ms)
			ReleaseScriptingObjects (0ms)
			CreateAndSetChildDomain (63ms)
		EndReloadAssembly (1375ms)
			LoadAssemblies (150ms)
			RebuildTransferFunctionScriptingTraits (0ms)
			SetupTypeCache (455ms)
			ReleaseScriptCaches (2ms)
			RebuildScriptCaches (58ms)
			SetupLoadedEditorAssemblies (591ms)
				LogAssemblyErrors (0ms)
				InitializePlatformSupportModulesInManaged (6ms)
				SetLoadedEditorAssemblies (1ms)
				RefreshPlugins (1ms)
				BeforeProcessingInitializeOnLoad (121ms)
				ProcessInitializeOnLoadAttributes (443ms)
				ProcessInitializeOnLoadMethodAttributes (5ms)
				AfterProcessingInitializeOnLoad (13ms)
				EditorAssembliesLoaded (0ms)
			ExecutionOrderSort2 (0ms)
			AwakeInstancesAfterBackupRestoration (15ms)
Platform modules already initialized, skipping
Switching build target platform(19) subTarget(0) extendedPlatform(0) -> platform(13) subTarget(589824) extendedPlatform(0)
Refreshing native plugins compatible for Editor in 1.15 ms, found 3 plugins.
Preloading 0 native plugins for Editor in 0.00 ms.
Unloading 3292 Unused Serialized files (Serialized files now loaded: 0)
System memory in use before: 122.9 MB.
System memory in use after: 123.1 MB.

Unloading 19 unused Assets to reduce memory usage. Loaded Objects now: 3804.
Total: 5.116200 ms (FindLiveObjects: 0.370500 ms CreateObjectMapping: 0.104500 ms MarkObjects: 4.589500 ms  DeleteObjects: 0.050200 ms)

AssetImportParameters requested are different than current active one (requested -> active):
  custom:framework-win-MediaFoundation: 216162199b28c13a410421893ffa2e32 -> 
  custom:video-decoder-ogg-theora: a1e56fd34408186e4bbccfd4996cb3dc -> 
  custom:container-muxer-webm: aa71ff27fc2769a1b78a27578f13a17b -> 
  custom:container-demuxer-webm: 4f35f7cbe854078d1ac9338744f61a02 -> 
  custom:container-demuxer-ogg: 62fdf1f143b41e24485cea50d1cbac27 -> 
  custom:video-encoder-webm-vp8: eb34c28f22e8b96e1ab97ce403110664 -> 
  custom:video-decoder-webm-vp8: 9c59270c3fd7afecdb556c50c9e8de78 -> 
  custom:graphics/normal-map-encoding: 01000000000000000000000000000000 -> 02000000000000000000000000000000
  custom:audio-decoder-ogg-vorbis: bf7c407c2cedff20999df2af8eb42d56 -> 
  custom:audio-encoder-webm-vorbis: bf7c407c2cedff20999df2af8eb42d56 -> 
========================================================================
Received Import Request.
  Time since last request: 42.566763 seconds.
  path: Assets/PlacementMarkerBase.png
  artifactKey: Guid(0d2900528f1cc9d47995ae56fd0eccbe) Importer(815301076,1909f56bfc062723c751e8b465ee728b)
Start importing Assets/PlacementMarkerBase.png using Guid(0d2900528f1cc9d47995ae56fd0eccbe) Importer(815301076,1909f56bfc062723c751e8b465ee728b)  -> (artifact id: 'cbdd9d0b16a91b9a145a3ad1d3927850') in 0.040051 seconds 
========================================================================
Received Import Request.
  Time since last request: 0.000238 seconds.
  path: Assets
  artifactKey: Guid(00000000000000001000000000000000) Importer(815301076,1909f56bfc062723c751e8b465ee728b)
Start importing Assets using Guid(00000000000000001000000000000000) Importer(815301076,1909f56bfc062723c751e8b465ee728b)  -> (artifact id: '42d402b061de3733987d63b9cc3b64de') in 0.008927 seconds 
========================================================================
Received Import Request.
  Time since last request: 13.793456 seconds.
  path: Assets/New Material.mat
  artifactKey: Guid(89fcb3587ad373d4899d992f87c84955) Importer(815301076,1909f56bfc062723c751e8b465ee728b)
Start importing Assets/New Material.mat using Guid(89fcb3587ad373d4899d992f87c84955) Importer(815301076,1909f56bfc062723c751e8b465ee728b)  -> (artifact id: 'e53b92d2e258d3eb312ea88619b29409') in 0.185802 seconds 
========================================================================
Received Import Request.
  Time since last request: 20.703843 seconds.
  path: Assets/Placement Indicator material.mat
  artifactKey: Guid(89fcb3587ad373d4899d992f87c84955) Importer(815301076,1909f56bfc062723c751e8b465ee728b)
Start importing Assets/Placement Indicator material.mat using Guid(89fcb3587ad373d4899d992f87c84955) Importer(815301076,1909f56bfc062723c751e8b465ee728b)  -> (artifact id: '7b2803de63e0b59f15a1f0cfef7c881c') in 0.014766 seconds 
========================================================================
Received Import Request.
  Time since last request: 71.208081 seconds.
  path: Assets/Placement Marker.mat
  artifactKey: Guid(4c2789be0d3e3cf489def9034ac82a9e) Importer(815301076,1909f56bfc062723c751e8b465ee728b)
Start importing Assets/Placement Marker.mat using Guid(4c2789be0d3e3cf489def9034ac82a9e) Importer(815301076,1909f56bfc062723c751e8b465ee728b)  -> (artifact id: '338a386b0dc3aa0bd08bcbec25f558bc') in 0.014649 seconds 
========================================================================
Received Import Request.
  Time since last request: 117.774916 seconds.
  path: Assets/Placement Marker.mat
  artifactKey: Guid(4c2789be0d3e3cf489def9034ac82a9e) Importer(815301076,1909f56bfc062723c751e8b465ee728b)
Start importing Assets/Placement Marker.mat using Guid(4c2789be0d3e3cf489def9034ac82a9e) Importer(815301076,1909f56bfc062723c751e8b465ee728b)  -> (artifact id: '3c85c692cd9d8ac04a4ac9a5bea937c3') in 0.040564 seconds 
========================================================================
Received Prepare
Refreshing native plugins compatible for Editor in 4.68 ms, found 3 plugins.
Preloading 0 native plugins for Editor in 0.00 ms.
Unloading 16 Unused Serialized files (Serialized files now loaded: 0)
System memory in use before: 58.2 MB.
System memory in use after: 58.4 MB.

Unloading 15 unused Assets to reduce memory usage. Loaded Objects now: 3807.
Total: 4.308100 ms (FindLiveObjects: 0.327200 ms CreateObjectMapping: 0.082600 ms MarkObjects: 3.879900 ms  DeleteObjects: 0.017700 ms)

AssetImportParameters requested are different than current active one (requested -> active):
  custom:framework-win-MediaFoundation: 216162199b28c13a410421893ffa2e32 -> 
  custom:video-decoder-ogg-theora: a1e56fd34408186e4bbccfd4996cb3dc -> 
  custom:container-muxer-webm: aa71ff27fc2769a1b78a27578f13a17b -> 
  custom:container-demuxer-webm: 4f35f7cbe854078d1ac9338744f61a02 -> 
  custom:container-demuxer-ogg: 62fdf1f143b41e24485cea50d1cbac27 -> 
  custom:video-encoder-webm-vp8: eb34c28f22e8b96e1ab97ce403110664 -> 
  custom:video-decoder-webm-vp8: 9c59270c3fd7afecdb556c50c9e8de78 -> 
  custom:audio-decoder-ogg-vorbis: bf7c407c2cedff20999df2af8eb42d56 -> 
  custom:audio-encoder-webm-vorbis: bf7c407c2cedff20999df2af8eb42d56 -> 
========================================================================
Received Prepare
Refreshing native plugins compatible for Editor in 4.99 ms, found 3 plugins.
Preloading 0 native plugins for Editor in 0.00 ms.
Unloading 15 Unused Serialized files (Serialized files now loaded: 0)
System memory in use before: 58.1 MB.
System memory in use after: 58.3 MB.

Unloading 15 unused Assets to reduce memory usage. Loaded Objects now: 3807.
Total: 6.115200 ms (FindLiveObjects: 0.487000 ms CreateObjectMapping: 0.147300 ms MarkObjects: 5.450700 ms  DeleteObjects: 0.028900 ms)

AssetImportParameters requested are different than current active one (requested -> active):
  custom:framework-win-MediaFoundation: 216162199b28c13a410421893ffa2e32 -> 
  custom:video-decoder-ogg-theora: a1e56fd34408186e4bbccfd4996cb3dc -> 
  custom:container-muxer-webm: aa71ff27fc2769a1b78a27578f13a17b -> 
  custom:container-demuxer-webm: 4f35f7cbe854078d1ac9338744f61a02 -> 
  custom:container-demuxer-ogg: 62fdf1f143b41e24485cea50d1cbac27 -> 
  custom:video-encoder-webm-vp8: eb34c28f22e8b96e1ab97ce403110664 -> 
  custom:video-decoder-webm-vp8: 9c59270c3fd7afecdb556c50c9e8de78 -> 
  custom:audio-decoder-ogg-vorbis: bf7c407c2cedff20999df2af8eb42d56 -> 
  custom:audio-encoder-webm-vorbis: bf7c407c2cedff20999df2af8eb42d56 -> 
========================================================================
Received Import Request.
  Time since last request: 575.655436 seconds.
  path: Assets/PlacementIndicator.cs
  artifactKey: Guid(cca55dfbdd7c3894b94d289c0a7e4c16) Importer(815301076,1909f56bfc062723c751e8b465ee728b)
Start importing Assets/PlacementIndicator.cs using Guid(cca55dfbdd7c3894b94d289c0a7e4c16) Importer(815301076,1909f56bfc062723c751e8b465ee728b)  -> (artifact id: 'd7c123faf1f046f383f8349238ce947f') in 0.010127 seconds 
